[ 2016-01-16 21:19:42.5148 2408/0x7fff729f7000 age/Wat/WatchdogMain.cpp:1276 ]: Starting Passenger watchdog...
[ 2016-01-16 21:19:42.5331 2410/0x7fff729f7000 age/Cor/CoreMain.cpp:957 ]: Starting Passenger core...
[ 2016-01-16 21:19:42.5337 2410/0x7fff729f7000 age/Cor/CoreMain.cpp:234 ]: Passenger core running in multi-application mode.
[ 2016-01-16 21:19:42.5413 2410/0x7fff729f7000 age/Cor/CoreMain.cpp:707 ]: Passenger core online, PID 2410
[ 2016-01-16 21:19:42.5483 2412/0x7fff729f7000 age/Ust/UstRouterMain.cpp:504 ]: Starting Passenger UstRouter...
[ 2016-01-16 21:19:42.5491 2412/0x7fff729f7000 age/Ust/UstRouterMain.cpp:317 ]: Passenger UstRouter online, PID 2412
App 2425 stdout: 
App 2495 stdout: 
App 2524 stdout: 
[ 2016-01-16 21:25:41.7781 2410/0x700000084000 age/Cor/CoreMain.cpp:794 ]: Disconnecting long-running connections for process 2495, application /Users/Jeff/desktop/tech-world/public (development)

[ 2016-01-18 00:20:25.5244 2412/0x700000104000 age/Ust/UstRouterMain.cpp:397 ]: Signal received. Gracefully shutting down... (send signal 2 more time(s) to force shutdown)
[ 2016-01-18 00:20:25.5244 2412/0x7fff729f7000 age/Ust/UstRouterMain.cpp:467 ]: Received command to shutdown gracefully. Waiting until all clients have disconnected...

[ 2016-01-18 00:20:25.5245 2410/0x70000018a000 age/Cor/CoreMain.cpp:507 ]: Signal received. Gracefully shutting down... (send signal 2 more time(s) to force shutdown)
[ 2016-01-18 00:20:25.5245 2412/0x700000104000 Ser/Server.h:444 ]: [UstRouter] Shutdown finished
[ 2016-01-18 00:20:25.5245 2410/0x7fff729f7000 age/Cor/CoreMain.cpp:876 ]: Received command to shutdown gracefully. Waiting until all clients have disconnected...
[ 2016-01-18 00:20:25.5245 2412/0x70000020a000 Ser/Server.h:758 ]: [UstRouterApiServer] Freed 0 spare client objects
[ 2016-01-18 00:20:25.5245 2410/0x7fff729f7000 age/Cor/CoreMain.cpp:794 ]: Disconnecting long-running connections for process 2524, application /Users/Jeff/desktop/tech-world/public (development)
[ 2016-01-18 00:20:25.5245 2412/0x70000020a000 Ser/Server.h:444 ]: [UstRouterApiServer] Shutdown finished
[ 2016-01-18 00:20:25.5247 2410/0x70000018a000 Ser/Server.h:758 ]: [ServerThr.1] Freed 128 spare client objects
[ 2016-01-18 00:20:25.5247 2410/0x70000018a000 Ser/Server.h:444 ]: [ServerThr.1] Shutdown finished
[ 2016-01-18 00:20:25.5248 2410/0x700000290000 Ser/Server.h:758 ]: [ServerThr.2] Freed 128 spare client objects
[ 2016-01-18 00:20:25.5249 2410/0x700000290000 Ser/Server.h:444 ]: [ServerThr.2] Shutdown finished
[ 2016-01-18 00:20:25.5250 2412/0x7fff729f7000 age/Ust/UstRouterMain.cpp:498 ]: Passenger UstRouter shutdown finished
[ 2016-01-18 00:20:25.5251 2410/0x700000396000 Ser/Server.h:758 ]: [ServerThr.3] Freed 128 spare client objects
[ 2016-01-18 00:20:25.5251 2410/0x700000396000 Ser/Server.h:444 ]: [ServerThr.3] Shutdown finished
[ 2016-01-18 00:20:25.5251 2410/0x7000005a2000 Ser/Server.h:758 ]: [ApiServer] Freed 0 spare client objects
[ 2016-01-18 00:20:25.5251 2410/0x7000005a2000 Ser/Server.h:444 ]: [ApiServer] Shutdown finished
[ 2016-01-18 00:20:25.5253 2410/0x70000049c000 Ser/Server.h:758 ]: [ServerThr.4] Freed 128 spare client objects
[ 2016-01-18 00:20:25.5253 2410/0x70000049c000 Ser/Server.h:444 ]: [ServerThr.4] Shutdown finished
[ 2016-01-18 00:20:25.5254 2410/0x7fff729f7000 age/Cor/CoreMain.cpp:794 ]: Disconnecting long-running connections for process 2524, application /Users/Jeff/desktop/tech-world/public (development)
